Determining if the pthread_create exist failed with the following output:
Change Dir: /home/ntnghia1999/dynamics_final/build/catkin_tools_prebuild/CMakeFiles/CMakeTmp

Run Build Command:"/usr/bin/make" "cmTC_4c28a/fast"
/usr/bin/make -f CMakeFiles/cmTC_4c28a.dir/build.make CMakeFiles/cmTC_4c28a.dir/build
make[1]: Entering directory '/home/ntnghia1999/dynamics_final/build/catkin_tools_prebuild/CMakeFiles/CMakeTmp'
Building C object CMakeFiles/cmTC_4c28a.dir/CheckSymbolExists.c.o
/usr/bin/cc    -o CMakeFiles/cmTC_4c28a.dir/CheckSymbolExists.c.o   -c /home/ntnghia1999/dynamics_final/build/catkin_tools_prebuild/CMakeFiles/CMakeTmp/CheckSymbolExists.c
Linking C executable cmTC_4c28a
/usr/bin/cmake -E cmake_link_script CMakeFiles/cmTC_4c28a.dir/link.txt --verbose=1
/usr/bin/cc      -rdynamic CMakeFiles/cmTC_4c28a.dir/CheckSymbolExists.c.o  -o cmTC_4c28a 
CMakeFiles/cmTC_4c28a.dir/CheckSymbolExists.c.o: In function `main':
CheckSymbolExists.c:(.text+0x1b): undefined reference to `pthread_create'
collect2: error: ld returned 1 exit status
CMakeFiles/cmTC_4c28a.dir/build.make:97: recipe for target 'cmTC_4c28a' failed
make[1]: *** [cmTC_4c28a] Error 1
make[1]: Leaving directory '/home/ntnghia1999/dynamics_final/build/catkin_tools_prebuild/CMakeFiles/CMakeTmp'
Makefile:126: recipe for target 'cmTC_4c28a/fast' failed
make: *** [cmTC_4c28a/fast] Error 2

File /home/ntnghia1999/dynamics_final/build/catkin_tools_prebuild/CMakeFiles/CMakeTmp/CheckSymbolExists.c:
/* */
#include <pthread.h>

int main(int argc, char** argv)
{
  (void)argv;
#ifndef pthread_create
  return ((int*)(&pthread_create))[argc];
#else
  (void)argc;
  return 0;
#endif
}

Determining if the function pthread_create exists in the pthreads failed with the following output:
Change Dir: /home/ntnghia1999/dynamics_final/build/catkin_tools_prebuild/CMakeFiles/CMakeTmp

Run Build Command:"/usr/bin/make" "cmTC_c671f/fast"
/usr/bin/make -f CMakeFiles/cmTC_c671f.dir/build.make CMakeFiles/cmTC_c671f.dir/build
make[1]: Entering directory '/home/ntnghia1999/dynamics_final/build/catkin_tools_prebuild/CMakeFiles/CMakeTmp'
Building C object CMakeFiles/cmTC_c671f.dir/CheckFunctionExists.c.o
/usr/bin/cc   -DCHECK_FUNCTION_EXISTS=pthread_create   -o CMakeFiles/cmTC_c671f.dir/CheckFunctionExists.c.o   -c /usr/share/cmake-3.10/Modules/CheckFunctionExists.c
Linking C executable cmTC_c671f
/usr/bin/cmake -E cmake_link_script CMakeFiles/cmTC_c671f.dir/link.txt --verbose=1
/usr/bin/cc  -DCHECK_FUNCTION_EXISTS=pthread_create    -rdynamic CMakeFiles/cmTC_c671f.dir/CheckFunctionExists.c.o  -o cmTC_c671f -lpthreads 
/usr/bin/ld: cannot find -lpthreads
collect2: error: ld returned 1 exit status
CMakeFiles/cmTC_c671f.dir/build.make:97: recipe for target 'cmTC_c671f' failed
make[1]: *** [cmTC_c671f] Error 1
make[1]: Leaving directory '/home/ntnghia1999/dynamics_final/build/catkin_tools_prebuild/CMakeFiles/CMakeTmp'
Makefile:126: recipe for target 'cmTC_c671f/fast' failed
make: *** [cmTC_c671f/fast] Error 2


