Determining if the pthread_create exist failed with the following output:
Change Dir: /home/ntnghia1999/dynamics_final/build/panda_robot/CMakeFiles/CMakeTmp

Run Build Command:"/usr/bin/make" "cmTC_1b526/fast"
/usr/bin/make -f CMakeFiles/cmTC_1b526.dir/build.make CMakeFiles/cmTC_1b526.dir/build
make[1]: Entering directory '/home/ntnghia1999/dynamics_final/build/panda_robot/CMakeFiles/CMakeTmp'
Building C object CMakeFiles/cmTC_1b526.dir/CheckSymbolExists.c.o
/usr/bin/cc    -o CMakeFiles/cmTC_1b526.dir/CheckSymbolExists.c.o   -c /home/ntnghia1999/dynamics_final/build/panda_robot/CMakeFiles/CMakeTmp/CheckSymbolExists.c
Linking C executable cmTC_1b526
/usr/bin/cmake -E cmake_link_script CMakeFiles/cmTC_1b526.dir/link.txt --verbose=1
/usr/bin/cc      -rdynamic CMakeFiles/cmTC_1b526.dir/CheckSymbolExists.c.o  -o cmTC_1b526 
CMakeFiles/cmTC_1b526.dir/CheckSymbolExists.c.o: In function `main':
CheckSymbolExists.c:(.text+0x1b): undefined reference to `pthread_create'
collect2: error: ld returned 1 exit status
CMakeFiles/cmTC_1b526.dir/build.make:97: recipe for target 'cmTC_1b526' failed
make[1]: *** [cmTC_1b526] Error 1
make[1]: Leaving directory '/home/ntnghia1999/dynamics_final/build/panda_robot/CMakeFiles/CMakeTmp'
Makefile:126: recipe for target 'cmTC_1b526/fast' failed
make: *** [cmTC_1b526/fast] Error 2

File /home/ntnghia1999/dynamics_final/build/panda_robot/CMakeFiles/CMakeTmp/CheckSymbolExists.c:
/* */
#include <pthread.h>

int main(int argc, char** argv)
{
  (void)argv;
#ifndef pthread_create
  return ((int*)(&pthread_create))[argc];
#else
  (void)argc;
  return 0;
#endif
}

Determining if the function pthread_create exists in the pthreads failed with the following output:
Change Dir: /home/ntnghia1999/dynamics_final/build/panda_robot/CMakeFiles/CMakeTmp

Run Build Command:"/usr/bin/make" "cmTC_040f0/fast"
/usr/bin/make -f CMakeFiles/cmTC_040f0.dir/build.make CMakeFiles/cmTC_040f0.dir/build
make[1]: Entering directory '/home/ntnghia1999/dynamics_final/build/panda_robot/CMakeFiles/CMakeTmp'
Building C object CMakeFiles/cmTC_040f0.dir/CheckFunctionExists.c.o
/usr/bin/cc   -DCHECK_FUNCTION_EXISTS=pthread_create   -o CMakeFiles/cmTC_040f0.dir/CheckFunctionExists.c.o   -c /usr/share/cmake-3.10/Modules/CheckFunctionExists.c
Linking C executable cmTC_040f0
/usr/bin/cmake -E cmake_link_script CMakeFiles/cmTC_040f0.dir/link.txt --verbose=1
/usr/bin/cc  -DCHECK_FUNCTION_EXISTS=pthread_create    -rdynamic CMakeFiles/cmTC_040f0.dir/CheckFunctionExists.c.o  -o cmTC_040f0 -lpthreads 
/usr/bin/ld: cannot find -lpthreads
collect2: error: ld returned 1 exit status
CMakeFiles/cmTC_040f0.dir/build.make:97: recipe for target 'cmTC_040f0' failed
make[1]: *** [cmTC_040f0] Error 1
make[1]: Leaving directory '/home/ntnghia1999/dynamics_final/build/panda_robot/CMakeFiles/CMakeTmp'
Makefile:126: recipe for target 'cmTC_040f0/fast' failed
make: *** [cmTC_040f0/fast] Error 2


